2024-02-12 11:53:04 INFO  [http-nio-8080-exec-4]: EmployeeService event: getAllEmployees()
2024-02-12 11:53:04 INFO  [http-nio-8080-exec-4]: DataBase event: findAllEmployees()
2024-02-12 11:53:04 INFO  [http-nio-8080-exec-4]: EmployeeController event: info()
2024-02-12 11:53:07 INFO  [http-nio-8080-exec-5]: EmployeeController event: createPage()
2024-02-12 11:53:10 INFO  [http-nio-8080-exec-6]: DataBase event: createNewEmployee(4)
2024-02-12 11:53:10 INFO  [http-nio-8080-exec-6]: EmployeeService event: addNewEmployee()
2024-02-12 11:53:10 INFO  [http-nio-8080-exec-6]: EmployeeController event: create()
2024-02-12 11:53:10 INFO  [http-nio-8080-exec-7]: EmployeeService event: getAllEmployees()
2024-02-12 11:53:10 INFO  [http-nio-8080-exec-7]: DataBase event: findAllEmployees()
2024-02-12 11:53:10 INFO  [http-nio-8080-exec-7]: EmployeeController event: info()
2024-02-12 11:53:26 INFO  [http-nio-8080-exec-10]: EmployeeService event: getEmployeeById(2)
2024-02-12 11:53:26 INFO  [http-nio-8080-exec-10]: DataBase event: findEmployeeById(2)
2024-02-12 11:53:26 INFO  [http-nio-8080-exec-10]: EmployeeController event: getById(2)
2024-02-12 11:53:33 INFO  [http-nio-8080-exec-1]: DataBase event: deleteEmployeeById(1)
2024-02-12 11:53:33 INFO  [http-nio-8080-exec-1]: EmployeeService event: removeEmployeeById(1)
2024-02-12 11:53:33 INFO  [http-nio-8080-exec-1]: EmployeeController event: delete(1)
2024-02-12 11:53:33 INFO  [http-nio-8080-exec-2]: EmployeeService event: getAllEmployees()
2024-02-12 11:53:33 INFO  [http-nio-8080-exec-2]: DataBase event: findAllEmployees()
2024-02-12 11:53:33 INFO  [http-nio-8080-exec-2]: EmployeeController event: info()
2024-02-12 11:53:33 INFO  [http-nio-8080-exec-3]: DataBase event: deleteEmployeeById(1)
2024-02-12 11:53:33 INFO  [http-nio-8080-exec-3]: EmployeeService event: removeEmployeeById(1)
2024-02-12 11:53:33 INFO  [http-nio-8080-exec-3]: EmployeeController event: delete(1)
2024-02-12 11:53:33 INFO  [http-nio-8080-exec-4]: EmployeeService event: getAllEmployees()
2024-02-12 11:53:33 INFO  [http-nio-8080-exec-4]: DataBase event: findAllEmployees()
2024-02-12 11:53:33 INFO  [http-nio-8080-exec-4]: EmployeeController event: info()
